<?xml version="1.0" encoding="UTF-8"?>
<testsuite name="com.example.demo.DemoApplicationTests" tests="1" skipped="0" failures="0" errors="0" timestamp="2026-07-13T12:08:01.819Z" hostname="DESKTOP-052KD8G" time="39.261">
  <properties/>
  <testcase name="contextLoads()" classname="com.example.demo.DemoApplicationTests" time="3.394"/>
  <system-out><![CDATA[15:08:03.726 [Test worker] INFO org.springframework.test.context.support.AnnotationConfigContextLoaderUtils -- Could not detect default configuration classes for test class [com.example.demo.DemoApplicationTests]: DemoApplicationTests does not declare any static, non-private, non-final, nested classes annotated with @Configuration.
15:08:04.374 [Test worker] INFO org.springframework.boot.test.context.SpringBootTestContextBootstrapper -- Found @SpringBootConfiguration com.example.demo.DemoApplication for test class com.example.demo.DemoApplicationTests

  .   ____          _            __ _ _
 /\\ / ___'_ __ _ _(_)_ __  __ _ \ \ \ \
( ( )\___ | '_ | '_| | '_ \/ _` | \ \ \ \
 \\/  ___)| |_)| | | | | || (_| |  ) ) ) )
  '  |____| .__|_| |_|_| |_\__, | / / / /
 =========|_|==============|___/=/_/_/_/

 :: Spring Boot ::                (v3.3.2)

2026-07-13T15:08:07.266+03:00  INFO 6600 --- [    Test worker] com.example.demo.DemoApplicationTests    : Starting DemoApplicationTests using Java 17.0.19 with PID 6600 (started by lainiwakura in C:\Users\lainiwakura\Desktop\demo)
2026-07-13T15:08:07.281+03:00  INFO 6600 --- [    Test worker] com.example.demo.DemoApplicationTests    : No active profile set, falling back to 1 default profile: "default"
2026-07-13T15:08:12.091+03:00  INFO 6600 --- [    Test worker] .s.d.r.c.RepositoryConfigurationDelegate : Bootstrapping Spring Data JPA repositories in DEFAULT mode.
2026-07-13T15:08:12.762+03:00  INFO 6600 --- [    Test worker] .s.d.r.c.RepositoryConfigurationDelegate : Finished Spring Data repository scanning in 625 ms. Found 2 JPA repository interfaces.
2026-07-13T15:08:18.797+03:00  INFO 6600 --- [    Test worker] o.hibernate.jpa.internal.util.LogHelper  : HHH000204: Processing PersistenceUnitInfo [name: default]
2026-07-13T15:08:20.659+03:00  INFO 6600 --- [    Test worker] org.hibernate.Version                    : HHH000412: Hibernate ORM core version 6.5.2.Final
2026-07-13T15:08:21.183+03:00  INFO 6600 --- [    Test worker] o.h.c.internal.RegionFactoryInitiator    : HHH000026: Second-level cache disabled
2026-07-13T15:08:24.054+03:00  INFO 6600 --- [    Test worker] o.s.o.j.p.SpringPersistenceUnitInfo      : No LoadTimeWeaver setup: ignoring JPA class transformer
2026-07-13T15:08:24.295+03:00  INFO 6600 --- [    Test worker] com.zaxxer.hikari.HikariDataSource       : HikariPool-1 - Starting...
2026-07-13T15:08:25.508+03:00  INFO 6600 --- [    Test worker] com.zaxxer.hikari.pool.HikariPool        : HikariPool-1 - Added connection org.postgresql.jdbc.PgConnection@1acc873b
2026-07-13T15:08:25.515+03:00  INFO 6600 --- [    Test worker] com.zaxxer.hikari.HikariDataSource       : HikariPool-1 - Start completed.
2026-07-13T15:08:31.017+03:00  INFO 6600 --- [    Test worker] o.h.e.t.j.p.i.JtaPlatformInitiator       : HHH000489: No JTA platform available (set 'hibernate.transaction.jta.platform' to enable JTA platform integration)
2026-07-13T15:08:31.454+03:00  INFO 6600 --- [    Test worker] j.LocalContainerEntityManagerFactoryBean : Initialized JPA EntityManagerFactory for persistence unit 'default'
2026-07-13T15:08:33.465+03:00  WARN 6600 --- [    Test worker] JpaBaseConfiguration$JpaWebConfiguration : spring.jpa.open-in-view is enabled by default. Therefore, database queries may be performed during view rendering. Explicitly configure spring.jpa.open-in-view to disable this warning
2026-07-13T15:08:33.639+03:00  WARN 6600 --- [    Test worker] .s.s.UserDetailsServiceAutoConfiguration : 

Using generated security password: 4f8a05d3-96c0-4075-ae0e-9921f642d676

This generated password is for development use only. Your security configuration must be updated before running your application in production.

2026-07-13T15:08:33.685+03:00  INFO 6600 --- [    Test worker] r$InitializeUserDetailsManagerConfigurer : Global AuthenticationManager configured with UserDetailsService bean with name inMemoryUserDetailsManager
2026-07-13T15:08:37.590+03:00  INFO 6600 --- [    Test worker] com.example.demo.DemoApplicationTests    : Started DemoApplicationTests in 31.995 seconds (process running for 41.955)
]]></system-out>
  <system-err><![CDATA[]]></system-err>
</testsuite>
